<?xml version="1.0" encoding="UTF-8" ?>
<testsuite errors="0" failures="0" hostname="BDC8-LX-2P6SLC2" name="test.calc.CalcTest" skipped="0" tests="7" time="0.093" timestamp="2018-05-09T08:30:33">
  <properties>
    <property name="java.vendor" value="Oracle Corporation" />
    <property name="sun.java.launcher" value="SUN_STANDARD" />
    <property name="sonar.projectName" value="Simple Calculator" />
    <property name="eclipse.pdebuild.templates" value="/C:/eclipse-java/plugins/org.eclipse.pde.build_3.9.200.v20160204-0642/templates/" />
    <property name="sonar.java.binaries" value="build" />
    <property name="sun.management.compiler" value="HotSpot 64-Bit Tiered Compilers" />
    <property name="os.name" value="Windows 10" />
    <property name="sun.boot.class.path" value="C:\Program Files\Java\jdk1.8.0_151\jre\lib\resources.jar;C:\Program Files\Java\jdk1.8.0_151\jre\lib\rt.jar;C:\Program Files\Java\jdk1.8.0_151\jre\lib\sunrsasign.jar;C:\Program Files\Java\jdk1.8.0_151\jre\lib\jsse.jar;C:\Program Files\Java\jdk1.8.0_151\jre\lib\jce.jar;C:\Program Files\Java\jdk1.8.0_151\jre\lib\charsets.jar;C:\Program Files\Java\jdk1.8.0_151\jre\lib\jfr.jar;C:\Program Files\Java\jdk1.8.0_151\jre\classes" />
    <property name="sun.desktop" value="windows" />
    <property name="java.vm.specification.vendor" value="Oracle Corporation" />
    <property name="ant.home" value="C:\eclipse-java\plugins\org.apache.ant_1.9.6.v201510161327" />
    <property name="sonar.projectVersion" value="1.0" />
    <property name="java.runtime.version" value="1.8.0_151-b12" />
    <property name="ant.file.calculator" value="C:\ANTRelated\calculator-ant\build.xml" />
    <property name="user.name" value="r.thirumalai.ramesh" />
    <property name="ant.file.type.calculator" value="file" />
    <property name="user.language" value="en" />
    <property name="sun.boot.library.path" value="C:\Program Files\Java\jdk1.8.0_151\jre\bin" />
    <property name="ant.project.name" value="calculator" />
    <property name="java.version" value="1.8.0_151" />
    <property name="user.timezone" value="" />
    <property name="sun.arch.data.model" value="64" />
    <property name="sonar.host.url" value="http://localhost:9000" />
    <property name="java.endorsed.dirs" value="C:\Program Files\Java\jdk1.8.0_151\jre\lib\endorsed" />
    <property name="sun.cpu.isalist" value="amd64" />
    <property name="sun.jnu.encoding" value="Cp1252" />
    <property name="file.encoding.pkg" value="sun.io" />
    <property name="file.separator" value="\" />
    <property name="java.specification.name" value="Java Platform API Specification" />
    <property name="sonar.sources" value="src" />
    <property name="java.class.version" value="52.0" />
    <property name="user.country" value="IN" />
    <property name="java.home" value="C:\Program Files\Java\jdk1.8.0_151\jre" />
    <property name="java.vm.info" value="mixed mode" />
    <property name="sonar.libraries" value="C:\sonarqube-6.5\lib\sonarqube-ant-task-2.5.jar" />
    <property name="ant.file" value="C:\ANTRelated\calculator-ant\build.xml" />
    <property name="os.version" value="10.0" />
    <property name="path.separator" value=";" />
    <property name="java.vm.version" value="25.151-b12" />
    <property name="user.variant" value="" />
    <property name="ant.library.dir" value="C:\eclipse-java\plugins\org.apache.ant_1.9.6.v201510161327\lib" />
    <property name="java.awt.printerjob" value="sun.awt.windows.WPrinterJob" />
    <property name="sun.io.unicode.encoding" value="UnicodeLittle" />
    <property name="awt.toolkit" value="sun.awt.windows.WToolkit" />
    <property name="user.script" value="" />
    <property name="eclipse.pdebuild.scripts" value="/C:/eclipse-java/plugins/org.eclipse.pde.build_3.9.200.v20160204-0642/scripts/" />
    <property name="user.home" value="C:\Users\r.thirumalai.ramesh" />
    <property name="sonar.language" value="java" />
    <property name="java.specification.vendor" value="Oracle Corporation" />
    <property name="java.library.path" value="C:\Program Files\Java\jdk1.8.0_151\jre\bin;C:\windows\Sun\Java\bin;C:\windows\system32;C:\windows;C:/Program Files/Java/jre1.8.0_171/bin/server;C:/Program Files/Java/jre1.8.0_171/bin;C:/Program Files/Java/jre1.8.0_171/lib/amd64;C:\Program Files (x86)\Common Files\Oracle\Java\javapath;C:\Program Files\Docker\Docker\Resources\bin;C:\Program Files\Microsoft MPI\Bin\;C:\ProgramData\Oracle\Java\javapath;C:\windows\system32;C:\windows;C:\windows\System32\Wbem;C:\windows\System32\WindowsPowerShell\v1.0\;C:\Program Files\Java\jdk1.8.0_151\bin;C:\sonar-scanner\bin;C:\Program Files\Git\bin;C:\apache-maven-3.5.2\bin;C:\gradle-4.4\bin;C:\Program Files\Microsoft SQL Server\Client SDK\ODBC\130\Tools\Binn\;C:\Program Files (x86)\Microsoft SQL Server\140\Tools\Binn\;C:\Program Files\Microsoft SQL Server\140\Tools\Binn\;C:\Program Files\Microsoft SQL Server\140\DTS\Binn\;C:\Program Files\MySQL\MySQL Utilities 1.6\;C:\Program Files (x86)\Microsoft SQL Server\140\DTS\Binn\;C:\apache-ant-1.10.1\bin;C:\Program Files\Intel\WiFi\bin\;C:\Program Files\Common Files\Intel\WirelessCommon\;C:\Python33\;C:\Users\r.thirumalai.ramesh\AppData\Local\Microsoft\WindowsApps;C:\Program Files\Docker Toolbox;C:\Program Files\Intel\WiFi\bin\;C:\Program Files\Common Files\Intel\WirelessCommon\;C:\Program Files\Java\jdk1.8.0_151\bin;;C:\Program Files\Microsoft VS Code\bin;C:\eclipse-java;;." />
    <property name="java.vendor.url" value="http://java.oracle.com/" />
    <property name="java.vm.vendor" value="Oracle Corporation" />
    <property name="java.runtime.name" value="Java(TM) SE Runtime Environment" />
    <property name="sun.java.command" value="org.apache.tools.ant.taskdefs.optional.junit.JUnitTestRunner test.calc.CalcTest skipNonTests=false filtertrace=true haltOnError=false haltOnFailure=true formatter=org.apache.tools.ant.taskdefs.optional.junit.SummaryJUnitResultFormatter showoutput=false outputtoformatters=true logfailedtests=true threadid=0 logtestlistenerevents=false formatter=org.apache.tools.ant.taskdefs.optional.junit.XMLJUnitResultFormatter,C:\ANTRelated\calculator-ant\build\report\TEST-test.calc.CalcTest.xml crashfile=C:\ANTRelated\calculator-ant\junitvmwatcher382149179149791170.properties propsfile=C:\ANTRelated\calculator-ant\junit8431621689894553419.properties" />
    <property name="java.class.path" value="C:\eclipse-java\plugins\org.junit_4.12.0.v201504281640\junit.jar;C:\ANTRelated\calculator-ant\lib\hamcrest-core-1.3.jar;C:\ANTRelated\calculator-ant\build\classes;C:\eclipse-java\plugins\org.apache.ant_1.9.6.v201510161327\lib\ant-launcher.jar;C:\eclipse-java\plugins\org.apache.ant_1.9.6.v201510161327\lib\ant.jar;C:\eclipse-java\plugins\org.apache.ant_1.9.6.v201510161327\lib\ant-junit.jar;C:\eclipse-java\plugins\org.apache.ant_1.9.6.v201510161327\lib\ant-junit4.jar" />
    <property name="ant.version" value="Apache Ant(TM) version 1.9.6 compiled on June 29 2015" />
    <property name="java.vm.specification.name" value="Java Virtual Machine Specification" />
    <property name="java.vm.specification.version" value="1.8" />
    <property name="sonar.sourceEncoding" value="UTF-8" />
    <property name="sun.cpu.endian" value="little" />
    <property name="sun.os.patch.level" value="" />
    <property name="eclipse.pdebuild.home" value="/C:/eclipse-java/plugins/org.eclipse.pde.build_3.9.200.v20160204-0642/./" />
    <property name="java.io.tmpdir" value="C:\Users\RTHIRU~1.RAM\AppData\Local\Temp\" />
    <property name="java.vendor.url.bug" value="http://bugreport.sun.com/bugreport/" />
    <property name="os.arch" value="amd64" />
    <property name="java.awt.graphicsenv" value="sun.awt.Win32GraphicsEnvironment" />
    <property name="java.ext.dirs" value="C:\Program Files\Java\jdk1.8.0_151\jre\lib\ext;C:\windows\Sun\Java\lib\ext" />
    <property name="user.dir" value="C:\ANTRelated\calculator-ant" />
    <property name="line.separator" value="&#xd;&#xa;" />
    <property name="java.vm.name" value="Java HotSpot(TM) 64-Bit Server VM" />
    <property name="basedir" value="C:\ANTRelated\calculator-ant" />
    <property name="ant.java.version" value="1.8" />
    <property name="ant.core.lib" value="C:\eclipse-java\plugins\org.apache.ant_1.9.6.v201510161327\lib\ant.jar" />
    <property name="file.encoding" value="Cp1252" />
    <property name="java.specification.version" value="1.8" />
    <property name="ant.project.invoked-targets" value="clean,init,compile,test,sonar,war,copy" />
    <property name="sonar.projectKey" value="CalcKey" />
  </properties>
  <testcase classname="test.calc.CalcTest" name="testDoSub" time="0.001" />
  <testcase classname="test.calc.CalcTest" name="testDoAdd1" time="0.0" />
  <testcase classname="test.calc.CalcTest" name="testDoAdd2" time="0.0" />
  <testcase classname="test.calc.CalcTest" name="testDoDiv1" time="0.0" />
  <testcase classname="test.calc.CalcTest" name="testDoDiv2" time="0.0" />
  <testcase classname="test.calc.CalcTest" name="testDoMul1" time="0.0" />
  <testcase classname="test.calc.CalcTest" name="testDoMul2" time="0.0" />
  <system-out><![CDATA[]]></system-out>
  <system-err><![CDATA[]]></system-err>
</testsuite>
